<?xml version="1.0" encoding="UTF-8"?>
<testng-results ignored="0" total="1" passed="1" failed="0" skipped="0">
  <reporter-output>
  </reporter-output>
  <suite started-at="2024-07-31T19:18:10 IST" name="Default suite" finished-at="2024-07-31T19:18:33 IST" duration-ms="22913">
    <groups>
    </groups>
    <test started-at="2024-07-31T19:18:10 IST" name="Default test" finished-at="2024-07-31T19:18:33 IST" duration-ms="22913">
      <class name="testng.Robot3">
        <test-method signature="rbt()[pri:0, instance:testng.Robot3@3349e9bb]" started-at="2024-07-31T19:18:10 IST" name="rbt" finished-at="2024-07-31T19:18:33 IST" duration-ms="22845" status="PASS">
          <reporter-output>
          </reporter-output>
        </test-method> <!-- rbt -->
      </class> <!-- testng.Robot3 -->
    </test> <!-- Default test -->
  </suite> <!-- Default suite -->
</testng-results>
